Generating trees  3  4  5  6  7  8  9  10  11  12  13  14  15  16  17  18  19  20  21  22  23  24  25  26  27  28  29  30  31  32
Counting trees 
--> 3
----> tree 0
----> tree 1
----> tree 2
----> tree 3
----> tree 4
----> tree 5
----> tree 6
----> tree 7
----> tree 8
----> tree 9
----> tree 10
----> tree 11
----> tree 12
----> tree 13
----> tree 14
----> tree 15
----> tree 16
----> tree 17
----> tree 18
----> tree 19
----> tree 20
----> tree 21
----> tree 22
----> tree 23
----> tree 24
----> tree 25
----> tree 26
----> tree 27
----> tree 28
----> tree 29
----> tree 30
----> tree 31
----> tree 32
----> tree 33
----> tree 34
----> tree 35
----> tree 36
----> tree 37
----> tree 38
----> tree 39
----> tree 40
----> tree 41
----> tree 42
----> tree 43
----> tree 44
----> tree 45
----> tree 46
----> tree 47
----> tree 48
----> tree 49
----> tree 50
----> tree 51
----> tree 52
----> tree 53
----> tree 54
----> tree 55
----> tree 56
----> tree 57
----> tree 58
----> tree 59
----> tree 60
----> tree 61
----> tree 62
----> tree 63
----> tree 64
----> tree 65
----> tree 66
----> tree 67
----> tree 68
----> tree 69
----> tree 70
----> tree 71
----> tree 72
----> tree 73
----> tree 74
----> tree 75
----> tree 76
----> tree 77
----> tree 78
----> tree 79
----> tree 80
----> tree 81
----> tree 82
----> tree 83
----> tree 84
----> tree 85
----> tree 86
----> tree 87
----> tree 88
----> tree 89
----> tree 90
----> tree 91
----> tree 92
----> tree 93
----> tree 94
----> tree 95
----> tree 96
----> tree 97
----> tree 98
----> tree 99
--> 4
----> tree 0
----> tree 1
----> tree 2
----> tree 3
----> tree 4
----> tree 5
----> tree 6
----> tree 7
----> tree 8
----> tree 9
----> tree 10
----> tree 11
----> tree 12
----> tree 13
----> tree 14
----> tree 15
----> tree 16
----> tree 17
----> tree 18
----> tree 19
----> tree 20
----> tree 21
----> tree 22
----> tree 23
----> tree 24
----> tree 25
----> tree 26
----> tree 27
----> tree 28
----> tree 29
----> tree 30
----> tree 31
----> tree 32
----> tree 33
----> tree 34
----> tree 35
----> tree 36
----> tree 37
----> tree 38
----> tree 39
----> tree 40
----> tree 41
----> tree 42
----> tree 43
----> tree 44
----> tree 45
----> tree 46
----> tree 47
----> tree 48
----> tree 49
----> tree 50
----> tree 51
----> tree 52
----> tree 53
----> tree 54
----> tree 55
----> tree 56
----> tree 57
----> tree 58
----> tree 59
----> tree 60
----> tree 61
----> tree 62
----> tree 63
----> tree 64
----> tree 65
----> tree 66
----> tree 67
----> tree 68
----> tree 69
----> tree 70
----> tree 71
----> tree 72
----> tree 73
----> tree 74
----> tree 75
----> tree 76
----> tree 77
----> tree 78
----> tree 79
----> tree 80
----> tree 81
----> tree 82
----> tree 83
----> tree 84
----> tree 85
----> tree 86
----> tree 87
----> tree 88
----> tree 89
----> tree 90
----> tree 91
----> tree 92
----> tree 93
----> tree 94
----> tree 95
----> tree 96
----> tree 97
----> tree 98
----> tree 99
--> 5
----> tree 0
----> tree 1
----> tree 2
----> tree 3
----> tree 4
----> tree 5
----> tree 6
----> tree 7
----> tree 8
----> tree 9
----> tree 10
----> tree 11
----> tree 12
----> tree 13
----> tree 14
----> tree 15
----> tree 16
----> tree 17
----> tree 18
----> tree 19
----> tree 20
----> tree 21
----> tree 22
----> tree 23
----> tree 24
----> tree 25
----> tree 26
----> tree 27
----> tree 28
----> tree 29
----> tree 30
----> tree 31
----> tree 32
----> tree 33
----> tree 34
----> tree 35
----> tree 36
----> tree 37
----> tree 38
----> tree 39
----> tree 40
----> tree 41
----> tree 42
----> tree 43
----> tree 44
----> tree 45
----> tree 46
----> tree 47
----> tree 48
----> tree 49
----> tree 50
----> tree 51
----> tree 52
----> tree 53
----> tree 54
----> tree 55
----> tree 56
----> tree 57
----> tree 58
----> tree 59
----> tree 60
----> tree 61
----> tree 62
----> tree 63
----> tree 64
----> tree 65
----> tree 66
----> tree 67
----> tree 68
----> tree 69
----> tree 70
----> tree 71
----> tree 72
----> tree 73
----> tree 74
----> tree 75
----> tree 76
----> tree 77
----> tree 78
----> tree 79
----> tree 80
----> tree 81
----> tree 82
----> tree 83
----> tree 84
----> tree 85
----> tree 86
----> tree 87
----> tree 88
----> tree 89
----> tree 90
----> tree 91
----> tree 92
----> tree 93
----> tree 94
----> tree 95
----> tree 96
----> tree 97
----> tree 98
----> tree 99
--> 6
----> tree 0
----> tree 1
----> tree 2
----> tree 3
----> tree 4
----> tree 5
----> tree 6
----> tree 7
----> tree 8
----> tree 9
----> tree 10
----> tree 11
----> tree 12
----> tree 13
----> tree 14
----> tree 15
----> tree 16
----> tree 17
----> tree 18
----> tree 19
----> tree 20
----> tree 21
----> tree 22
----> tree 23
----> tree 24
----> tree 25
----> tree 26
----> tree 27
----> tree 28
----> tree 29
----> tree 30
----> tree 31
----> tree 32
----> tree 33
----> tree 34
----> tree 35
----> tree 36
----> tree 37
----> tree 38
----> tree 39
----> tree 40
----> tree 41
----> tree 42
----> tree 43
----> tree 44
----> tree 45
----> tree 46
----> tree 47
----> tree 48
----> tree 49
----> tree 50
----> tree 51
----> tree 52
----> tree 53
----> tree 54
----> tree 55
----> tree 56
----> tree 57
----> tree 58
----> tree 59
----> tree 60
----> tree 61
----> tree 62
----> tree 63
----> tree 64
----> tree 65
----> tree 66
----> tree 67
----> tree 68
----> tree 69
----> tree 70
----> tree 71
----> tree 72
----> tree 73
----> tree 74
----> tree 75
----> tree 76
----> tree 77
----> tree 78
----> tree 79
----> tree 80
----> tree 81
----> tree 82
----> tree 83
----> tree 84
----> tree 85
----> tree 86
----> tree 87
----> tree 88
----> tree 89
----> tree 90
----> tree 91
----> tree 92
----> tree 93
----> tree 94
----> tree 95
----> tree 96
----> tree 97
----> tree 98
----> tree 99
--> 7
----> tree 0
----> tree 1
----> tree 2
----> tree 3
----> tree 4
----> tree 5
----> tree 6
----> tree 7
----> tree 8
----> tree 9
----> tree 10
----> tree 11
----> tree 12
----> tree 13
----> tree 14
----> tree 15
----> tree 16
----> tree 17
----> tree 18
----> tree 19
----> tree 20
----> tree 21
----> tree 22
----> tree 23
----> tree 24
----> tree 25
----> tree 26
----> tree 27
----> tree 28
----> tree 29
----> tree 30
----> tree 31
----> tree 32
----> tree 33
----> tree 34
----> tree 35
----> tree 36
----> tree 37
----> tree 38
----> tree 39
----> tree 40
----> tree 41
----> tree 42
----> tree 43
----> tree 44
----> tree 45
----> tree 46
----> tree 47
----> tree 48
----> tree 49
----> tree 50
----> tree 51
----> tree 52
----> tree 53
----> tree 54
----> tree 55
----> tree 56
----> tree 57
----> tree 58
----> tree 59
----> tree 60
----> tree 61
----> tree 62
----> tree 63
----> tree 64
----> tree 65
----> tree 66
----> tree 67
----> tree 68
----> tree 69
----> tree 70
----> tree 71
----> tree 72
----> tree 73
----> tree 74
----> tree 75
----> tree 76
----> tree 77
----> tree 78
----> tree 79
----> tree 80
----> tree 81
----> tree 82
----> tree 83
----> tree 84
----> tree 85
----> tree 86
----> tree 87
----> tree 88
----> tree 89
----> tree 90
----> tree 91
----> tree 92
----> tree 93
----> tree 94
----> tree 95
----> tree 96
----> tree 97
----> tree 98
----> tree 99
--> 8
----> tree 0
----> tree 1
----> tree 2
----> tree 3
----> tree 4
----> tree 5
----> tree 6
----> tree 7
----> tree 8
----> tree 9
----> tree 10
----> tree 11
----> tree 12
----> tree 13
----> tree 14
----> tree 15
----> tree 16
----> tree 17
----> tree 18
----> tree 19
----> tree 20
----> tree 21
----> tree 22
----> tree 23
----> tree 24
----> tree 25
----> tree 26
----> tree 27
----> tree 28
----> tree 29
----> tree 30
----> tree 31
----> tree 32
----> tree 33
----> tree 34
----> tree 35
----> tree 36
----> tree 37
----> tree 38
----> tree 39
----> tree 40
----> tree 41
----> tree 42
----> tree 43
----> tree 44
----> tree 45
----> tree 46
----> tree 47
----> tree 48
----> tree 49
----> tree 50
----> tree 51
----> tree 52
----> tree 53
----> tree 54
----> tree 55
----> tree 56
----> tree 57
----> tree 58
----> tree 59
----> tree 60
----> tree 61
----> tree 62
----> tree 63
----> tree 64
----> tree 65
----> tree 66
----> tree 67
----> tree 68
----> tree 69
----> tree 70
----> tree 71
----> tree 72
----> tree 73
----> tree 74
----> tree 75
----> tree 76
----> tree 77
----> tree 78
----> tree 79
----> tree 80
----> tree 81
----> tree 82
----> tree 83
----> tree 84
----> tree 85
----> tree 86
----> tree 87
----> tree 88
----> tree 89
----> tree 90
----> tree 91
----> tree 92
----> tree 93
----> tree 94
----> tree 95
----> tree 96
----> tree 97
----> tree 98
----> tree 99
--> 9
----> tree 0
----> tree 1
----> tree 2
----> tree 3
----> tree 4
----> tree 5
----> tree 6
----> tree 7
----> tree 8
----> tree 9
----> tree 10
----> tree 11
----> tree 12
----> tree 13
----> tree 14
----> tree 15
----> tree 16
----> tree 17
----> tree 18
----> tree 19
----> tree 20
----> tree 21
----> tree 22
----> tree 23
----> tree 24
----> tree 25
----> tree 26
----> tree 27
----> tree 28
----> tree 29
----> tree 30
----> tree 31
----> tree 32
----> tree 33
----> tree 34
----> tree 35
----> tree 36
----> tree 37
----> tree 38
----> tree 39
----> tree 40
----> tree 41
----> tree 42
----> tree 43
----> tree 44
----> tree 45
----> tree 46
----> tree 47
----> tree 48
----> tree 49
----> tree 50
----> tree 51
----> tree 52
----> tree 53
----> tree 54
----> tree 55
----> tree 56
----> tree 57
----> tree 58
----> tree 59
----> tree 60
----> tree 61
----> tree 62
----> tree 63
----> tree 64
----> tree 65
----> tree 66
----> tree 67
----> tree 68
----> tree 69
----> tree 70
----> tree 71
----> tree 72
----> tree 73
----> tree 74
----> tree 75
----> tree 76
----> tree 77
----> tree 78
----> tree 79
----> tree 80
----> tree 81
----> tree 82
----> tree 83
----> tree 84
----> tree 85
----> tree 86
----> tree 87
----> tree 88
----> tree 89
----> tree 90
----> tree 91
----> tree 92
----> tree 93
----> tree 94
----> tree 95
----> tree 96
----> tree 97
----> tree 98
----> tree 99
--> 10
----> tree 0
----> tree 1
----> tree 2
----> tree 3
----> tree 4
----> tree 5
----> tree 6
----> tree 7
----> tree 8
----> tree 9
----> tree 10
----> tree 11
----> tree 12
----> tree 13
----> tree 14
----> tree 15
----> tree 16
----> tree 17
----> tree 18
----> tree 19
----> tree 20
----> tree 21
----> tree 22
----> tree 23
----> tree 24
----> tree 25
----> tree 26
----> tree 27
----> tree 28
----> tree 29
----> tree 30
----> tree 31
----> tree 32
----> tree 33
----> tree 34
----> tree 35
----> tree 36
----> tree 37
----> tree 38
----> tree 39
----> tree 40
----> tree 41
----> tree 42
----> tree 43
----> tree 44
----> tree 45
----> tree 46
----> tree 47
----> tree 48
----> tree 49
----> tree 50
----> tree 51
----> tree 52
----> tree 53
----> tree 54
----> tree 55
----> tree 56
----> tree 57
----> tree 58
----> tree 59
----> tree 60
----> tree 61
----> tree 62
----> tree 63
----> tree 64
----> tree 65
----> tree 66
----> tree 67
----> tree 68
----> tree 69
----> tree 70
----> tree 71
----> tree 72
----> tree 73
----> tree 74
----> tree 75
----> tree 76
----> tree 77
----> tree 78
----> tree 79
----> tree 80
----> tree 81
----> tree 82
----> tree 83
----> tree 84
----> tree 85
----> tree 86
----> tree 87
----> tree 88
----> tree 89
----> tree 90
----> tree 91
----> tree 92
----> tree 93
----> tree 94
----> tree 95
----> tree 96
----> tree 97
----> tree 98
----> tree 99
--> 11
----> tree 0
----> tree 1
----> tree 2
----> tree 3
----> tree 4
----> tree 5
----> tree 6
----> tree 7
----> tree 8
----> tree 9
----> tree 10
----> tree 11
----> tree 12
----> tree 13
----> tree 14
----> tree 15
----> tree 16
----> tree 17
----> tree 18
----> tree 19
----> tree 20
----> tree 21
----> tree 22
----> tree 23
----> tree 24
----> tree 25
----> tree 26
----> tree 27
----> tree 28
----> tree 29
----> tree 30
----> tree 31
----> tree 32
----> tree 33
----> tree 34
----> tree 35
----> tree 36
----> tree 37
----> tree 38
----> tree 39
----> tree 40
----> tree 41
----> tree 42
----> tree 43
----> tree 44
----> tree 45
----> tree 46
----> tree 47
----> tree 48
----> tree 49
----> tree 50
----> tree 51
----> tree 52
----> tree 53
----> tree 54
----> tree 55
----> tree 56
----> tree 57
----> tree 58
----> tree 59
----> tree 60
----> tree 61
----> tree 62
----> tree 63
----> tree 64
----> tree 65
----> tree 66
----> tree 67
----> tree 68
----> tree 69
----> tree 70
----> tree 71
----> tree 72
----> tree 73
----> tree 74
----> tree 75
----> tree 76
----> tree 77
----> tree 78
----> tree 79
----> tree 80
----> tree 81
----> tree 82
----> tree 83
----> tree 84
----> tree 85
----> tree 86
----> tree 87
----> tree 88
----> tree 89
----> tree 90
----> tree 91
----> tree 92
----> tree 93
----> tree 94
----> tree 95
----> tree 96
----> tree 97
----> tree 98
----> tree 99
--> 12
----> tree 0
----> tree 1
----> tree 2
----> tree 3
----> tree 4
----> tree 5
----> tree 6
----> tree 7
----> tree 8
----> tree 9
----> tree 10
----> tree 11
----> tree 12
----> tree 13
----> tree 14
----> tree 15
----> tree 16
----> tree 17
----> tree 18
----> tree 19
----> tree 20
----> tree 21
----> tree 22
----> tree 23
----> tree 24
----> tree 25
----> tree 26
----> tree 27
----> tree 28
----> tree 29
----> tree 30
----> tree 31
----> tree 32
----> tree 33
----> tree 34
----> tree 35
----> tree 36
----> tree 37
----> tree 38
----> tree 39
----> tree 40
----> tree 41
----> tree 42
----> tree 43
----> tree 44
----> tree 45
----> tree 46
----> tree 47
----> tree 48
----> tree 49
----> tree 50
----> tree 51
----> tree 52
----> tree 53
----> tree 54
----> tree 55
----> tree 56
----> tree 57
----> tree 58
----> tree 59
----> tree 60
----> tree 61
----> tree 62
----> tree 63
----> tree 64
----> tree 65
----> tree 66
----> tree 67
----> tree 68
----> tree 69
----> tree 70
----> tree 71
----> tree 72
----> tree 73
----> tree 74
----> tree 75
----> tree 76
----> tree 77
----> tree 78
----> tree 79
----> tree 80
----> tree 81
----> tree 82
----> tree 83
----> tree 84
----> tree 85
----> tree 86
----> tree 87
----> tree 88
----> tree 89
----> tree 90
----> tree 91
----> tree 92
----> tree 93
----> tree 94
----> tree 95
----> tree 96
----> tree 97
----> tree 98
----> tree 99
--> 13
----> tree 0
----> tree 1
----> tree 2
----> tree 3
----> tree 4
----> tree 5
----> tree 6
----> tree 7
----> tree 8
----> tree 9
----> tree 10
----> tree 11
----> tree 12
----> tree 13
----> tree 14
----> tree 15
----> tree 16
----> tree 17
----> tree 18
----> tree 19
----> tree 20
----> tree 21
----> tree 22
----> tree 23
----> tree 24
----> tree 25
----> tree 26
----> tree 27
----> tree 28
----> tree 29
----> tree 30
----> tree 31
----> tree 32
----> tree 33
----> tree 34
----> tree 35
----> tree 36
----> tree 37
----> tree 38
----> tree 39
----> tree 40
----> tree 41
----> tree 42
----> tree 43
----> tree 44
----> tree 45
----> tree 46
----> tree 47
----> tree 48
----> tree 49
----> tree 50
----> tree 51
----> tree 52
----> tree 53
----> tree 54
----> tree 55
----> tree 56
----> tree 57
----> tree 58
----> tree 59
----> tree 60
----> tree 61
----> tree 62
----> tree 63
----> tree 64
----> tree 65
----> tree 66
----> tree 67
----> tree 68
----> tree 69
----> tree 70
----> tree 71
----> tree 72
----> tree 73
----> tree 74
----> tree 75
----> tree 76
----> tree 77
----> tree 78
----> tree 79
----> tree 80
----> tree 81
----> tree 82
----> tree 83
----> tree 84
----> tree 85
----> tree 86
----> tree 87
----> tree 88
----> tree 89
----> tree 90
----> tree 91
----> tree 92
----> tree 93
----> tree 94
----> tree 95
----> tree 96
----> tree 97
----> tree 98
----> tree 99
--> 14
----> tree 0
----> tree 1
----> tree 2
----> tree 3
----> tree 4
----> tree 5
----> tree 6
----> tree 7
----> tree 8
----> tree 9
----> tree 10
----> tree 11
----> tree 12
----> tree 13
----> tree 14
----> tree 15
----> tree 16
----> tree 17
----> tree 18
----> tree 19
----> tree 20
----> tree 21
----> tree 22
----> tree 23
----> tree 24
----> tree 25
----> tree 26
----> tree 27
----> tree 28
----> tree 29
----> tree 30
----> tree 31
----> tree 32
----> tree 33
----> tree 34
----> tree 35
----> tree 36
----> tree 37
----> tree 38
----> tree 39
----> tree 40
----> tree 41
----> tree 42
----> tree 43
----> tree 44
----> tree 45
----> tree 46
----> tree 47
----> tree 48
----> tree 49
----> tree 50
----> tree 51
----> tree 52
----> tree 53
----> tree 54
----> tree 55
----> tree 56
----> tree 57
----> tree 58
----> tree 59
----> tree 60
----> tree 61
----> tree 62
----> tree 63
----> tree 64
----> tree 65
----> tree 66
----> tree 67
----> tree 68
----> tree 69
----> tree 70
----> tree 71
----> tree 72
----> tree 73
----> tree 74
----> tree 75
----> tree 76
----> tree 77
----> tree 78
----> tree 79
----> tree 80
----> tree 81
----> tree 82
----> tree 83
----> tree 84
----> tree 85
----> tree 86
----> tree 87
----> tree 88
----> tree 89
----> tree 90
----> tree 91
----> tree 92
----> tree 93
----> tree 94
----> tree 95
----> tree 96
----> tree 97
----> tree 98
----> tree 99
--> 15
----> tree 0
----> tree 1
----> tree 2
----> tree 3
----> tree 4
----> tree 5
----> tree 6
----> tree 7
----> tree 8
----> tree 9
----> tree 10
----> tree 11
----> tree 12
----> tree 13
----> tree 14
----> tree 15
----> tree 16
----> tree 17
----> tree 18
----> tree 19
----> tree 20
----> tree 21
----> tree 22
----> tree 23
----> tree 24
----> tree 25
----> tree 26
----> tree 27
----> tree 28
----> tree 29
----> tree 30
----> tree 31
----> tree 32
----> tree 33
----> tree 34
----> tree 35
----> tree 36
----> tree 37
----> tree 38
----> tree 39
----> tree 40
----> tree 41
----> tree 42
----> tree 43
----> tree 44
----> tree 45
----> tree 46
----> tree 47
----> tree 48
----> tree 49
----> tree 50
----> tree 51
----> tree 52
----> tree 53
----> tree 54
----> tree 55
----> tree 56
----> tree 57
----> tree 58
----> tree 59
----> tree 60
----> tree 61
----> tree 62
----> tree 63
----> tree 64
----> tree 65
----> tree 66
----> tree 67
----> tree 68
----> tree 69
----> tree 70
----> tree 71
----> tree 72
----> tree 73
----> tree 74
----> tree 75
----> tree 76
----> tree 77
----> tree 78
----> tree 79
----> tree 80
----> tree 81
----> tree 82
----> tree 83
----> tree 84
----> tree 85
----> tree 86
----> tree 87
----> tree 88
----> tree 89
----> tree 90
----> tree 91
----> tree 92
----> tree 93
----> tree 94
----> tree 95
----> tree 96
----> tree 97
----> tree 98
----> tree 99
--> 16
----> tree 0
----> tree 1
----> tree 2
----> tree 3
----> tree 4
----> tree 5
----> tree 6
----> tree 7
----> tree 8
----> tree 9
----> tree 10
----> tree 11
----> tree 12
----> tree 13
----> tree 14
----> tree 15
----> tree 16
----> tree 17
----> tree 18
----> tree 19
----> tree 20
----> tree 21
----> tree 22
----> tree 23
----> tree 24
----> tree 25
----> tree 26
----> tree 27
----> tree 28
----> tree 29
----> tree 30
----> tree 31
----> tree 32
----> tree 33
----> tree 34
----> tree 35
----> tree 36
----> tree 37
----> tree 38
----> tree 39
----> tree 40
----> tree 41
----> tree 42
----> tree 43
----> tree 44
----> tree 45
----> tree 46
----> tree 47
----> tree 48
----> tree 49
----> tree 50
----> tree 51
----> tree 52
----> tree 53
----> tree 54
----> tree 55
----> tree 56
----> tree 57
----> tree 58
----> tree 59
----> tree 60
----> tree 61
----> tree 62
----> tree 63
----> tree 64
----> tree 65
----> tree 66
----> tree 67
----> tree 68
----> tree 69
----> tree 70
----> tree 71
----> tree 72
----> tree 73
----> tree 74
----> tree 75
----> tree 76
----> tree 77
----> tree 78
----> tree 79
----> tree 80
----> tree 81
----> tree 82
----> tree 83
----> tree 84
----> tree 85
----> tree 86
----> tree 87
----> tree 88
----> tree 89
----> tree 90
----> tree 91
----> tree 92
----> tree 93
----> tree 94
----> tree 95
----> tree 96
----> tree 97
----> tree 98
----> tree 99
--> 17
----> tree 0
----> tree 1
----> tree 2
----> tree 3
----> tree 4
----> tree 5
----> tree 6
----> tree 7
----> tree 8
----> tree 9
----> tree 10
----> tree 11
----> tree 12
----> tree 13
----> tree 14
----> tree 15
----> tree 16
----> tree 17
----> tree 18
----> tree 19
----> tree 20
----> tree 21
----> tree 22
----> tree 23
----> tree 24
----> tree 25
----> tree 26
----> tree 27
----> tree 28
----> tree 29
----> tree 30
----> tree 31
----> tree 32
----> tree 33
----> tree 34
----> tree 35
----> tree 36
----> tree 37
----> tree 38
----> tree 39
----> tree 40
----> tree 41
----> tree 42
----> tree 43
----> tree 44
----> tree 45
----> tree 46
----> tree 47
----> tree 48
----> tree 49
----> tree 50
----> tree 51
----> tree 52
----> tree 53
----> tree 54
----> tree 55
----> tree 56
----> tree 57
----> tree 58
----> tree 59
----> tree 60
----> tree 61
----> tree 62
----> tree 63
----> tree 64
----> tree 65
----> tree 66
----> tree 67
----> tree 68
----> tree 69
----> tree 70
----> tree 71
----> tree 72
----> tree 73
----> tree 74
----> tree 75
----> tree 76
----> tree 77
----> tree 78
----> tree 79
----> tree 80
----> tree 81
----> tree 82
----> tree 83
----> tree 84
----> tree 85
----> tree 86
----> tree 87
----> tree 88
----> tree 89
----> tree 90
----> tree 91
----> tree 92
----> tree 93
----> tree 94
----> tree 95
----> tree 96
----> tree 97
----> tree 98
----> tree 99
--> 18
----> tree 0
----> tree 1
----> tree 2
----> tree 3
----> tree 4
----> tree 5
----> tree 6
----> tree 7
----> tree 8
----> tree 9
----> tree 10
----> tree 11
----> tree 12
----> tree 13
----> tree 14
----> tree 15
----> tree 16
----> tree 17
----> tree 18
----> tree 19
----> tree 20
----> tree 21
----> tree 22
----> tree 23
----> tree 24
----> tree 25
----> tree 26
----> tree 27
----> tree 28
----> tree 29
----> tree 30
----> tree 31
----> tree 32
----> tree 33
----> tree 34
----> tree 35
----> tree 36
----> tree 37
----> tree 38
----> tree 39
----> tree 40
----> tree 41
----> tree 42
----> tree 43
----> tree 44
----> tree 45
----> tree 46
----> tree 47
----> tree 48
----> tree 49
----> tree 50
----> tree 51
----> tree 52
----> tree 53
----> tree 54
----> tree 55
----> tree 56
----> tree 57
----> tree 58
----> tree 59
----> tree 60
----> tree 61
----> tree 62
----> tree 63
----> tree 64
----> tree 65
----> tree 66
----> tree 67
----> tree 68
----> tree 69
----> tree 70
----> tree 71
----> tree 72
----> tree 73
----> tree 74
----> tree 75
----> tree 76
----> tree 77
----> tree 78
----> tree 79
----> tree 80
----> tree 81
----> tree 82
----> tree 83
----> tree 84
----> tree 85
----> tree 86
----> tree 87
----> tree 88
----> tree 89
----> tree 90
----> tree 91
----> tree 92
----> tree 93
----> tree 94
----> tree 95
----> tree 96
----> tree 97
----> tree 98
----> tree 99
--> 19
----> tree 0
----> tree 1
----> tree 2
----> tree 3
----> tree 4
----> tree 5
----> tree 6
----> tree 7
----> tree 8
----> tree 9
----> tree 10
----> tree 11
----> tree 12
----> tree 13
----> tree 14
----> tree 15
----> tree 16
----> tree 17
----> tree 18
----> tree 19
----> tree 20
----> tree 21
----> tree 22
----> tree 23
----> tree 24
----> tree 25
----> tree 26
----> tree 27
----> tree 28
----> tree 29
----> tree 30
----> tree 31
----> tree 32
----> tree 33
----> tree 34
----> tree 35
----> tree 36
----> tree 37
----> tree 38
----> tree 39
----> tree 40
----> tree 41
----> tree 42
----> tree 43
----> tree 44
----> tree 45
----> tree 46
----> tree 47
----> tree 48
----> tree 49
----> tree 50
----> tree 51
----> tree 52
----> tree 53
----> tree 54
----> tree 55
----> tree 56
----> tree 57
----> tree 58
----> tree 59
----> tree 60
----> tree 61
----> tree 62
----> tree 63
----> tree 64
----> tree 65
----> tree 66
----> tree 67
----> tree 68
----> tree 69
----> tree 70
----> tree 71
----> tree 72
----> tree 73
----> tree 74
----> tree 75
----> tree 76
----> tree 77
----> tree 78
----> tree 79
----> tree 80
----> tree 81
----> tree 82
----> tree 83
----> tree 84
----> tree 85
----> tree 86
----> tree 87
----> tree 88
----> tree 89
----> tree 90
----> tree 91
----> tree 92
----> tree 93
----> tree 94
----> tree 95
----> tree 96
----> tree 97
----> tree 98
----> tree 99
--> 20
----> tree 0
----> tree 1
----> tree 2
----> tree 3
----> tree 4
----> tree 5
----> tree 6
----> tree 7
----> tree 8
----> tree 9
----> tree 10
----> tree 11
----> tree 12
----> tree 13
----> tree 14
----> tree 15
----> tree 16
----> tree 17
----> tree 18
----> tree 19
----> tree 20
----> tree 21
----> tree 22
----> tree 23
----> tree 24
----> tree 25
----> tree 26
----> tree 27
----> tree 28
----> tree 29
----> tree 30
----> tree 31
----> tree 32
----> tree 33
----> tree 34
----> tree 35
----> tree 36
----> tree 37
----> tree 38
----> tree 39
----> tree 40
----> tree 41
----> tree 42
----> tree 43
----> tree 44
----> tree 45
----> tree 46
----> tree 47
----> tree 48
----> tree 49
----> tree 50
----> tree 51
----> tree 52
----> tree 53
----> tree 54
----> tree 55
----> tree 56
----> tree 57
----> tree 58
----> tree 59
----> tree 60
----> tree 61
----> tree 62
----> tree 63
----> tree 64
----> tree 65
----> tree 66
----> tree 67
----> tree 68
----> tree 69
----> tree 70
----> tree 71
----> tree 72
----> tree 73
----> tree 74
----> tree 75
----> tree 76
----> tree 77
----> tree 78
----> tree 79
----> tree 80
----> tree 81
----> tree 82
----> tree 83
----> tree 84
----> tree 85
----> tree 86
----> tree 87
----> tree 88
----> tree 89
----> tree 90
----> tree 91
----> tree 92
----> tree 93
----> tree 94
----> tree 95
----> tree 96
----> tree 97
----> tree 98
----> tree 99
--> 21
----> tree 0
----> tree 1
----> tree 2
----> tree 3
----> tree 4
----> tree 5
----> tree 6
----> tree 7
----> tree 8
----> tree 9
----> tree 10
----> tree 11
----> tree 12
----> tree 13
----> tree 14
----> tree 15
----> tree 16
----> tree 17
----> tree 18
----> tree 19
----> tree 20
----> tree 21
----> tree 22
----> tree 23
----> tree 24
----> tree 25
----> tree 26
----> tree 27
----> tree 28
----> tree 29
----> tree 30
----> tree 31
----> tree 32
----> tree 33
----> tree 34
----> tree 35
----> tree 36
----> tree 37
----> tree 38
----> tree 39
----> tree 40
----> tree 41
----> tree 42
----> tree 43
----> tree 44
----> tree 45
----> tree 46
----> tree 47
----> tree 48
----> tree 49
----> tree 50
----> tree 51
----> tree 52
----> tree 53
----> tree 54
----> tree 55
----> tree 56
----> tree 57
----> tree 58
----> tree 59
----> tree 60
----> tree 61
----> tree 62
----> tree 63
----> tree 64
----> tree 65
----> tree 66
----> tree 67
----> tree 68
----> tree 69
----> tree 70
----> tree 71
----> tree 72
----> tree 73
----> tree 74
----> tree 75
----> tree 76
----> tree 77
----> tree 78
----> tree 79
----> tree 80
----> tree 81
----> tree 82
----> tree 83
----> tree 84
----> tree 85
----> tree 86
----> tree 87
----> tree 88
----> tree 89
----> tree 90
----> tree 91
----> tree 92
----> tree 93
----> tree 94
----> tree 95
----> tree 96
----> tree 97
----> tree 98
----> tree 99
--> 22
----> tree 0
----> tree 1
----> tree 2
----> tree 3
----> tree 4
----> tree 5
----> tree 6
----> tree 7
----> tree 8
----> tree 9
----> tree 10
----> tree 11
----> tree 12
----> tree 13
----> tree 14
----> tree 15
----> tree 16
----> tree 17
----> tree 18
----> tree 19
----> tree 20
----> tree 21
----> tree 22
----> tree 23
----> tree 24
----> tree 25
----> tree 26
----> tree 27
----> tree 28
----> tree 29
----> tree 30
----> tree 31
----> tree 32
----> tree 33
----> tree 34
----> tree 35
----> tree 36
----> tree 37
----> tree 38
----> tree 39
----> tree 40
----> tree 41
----> tree 42
----> tree 43
----> tree 44
----> tree 45
----> tree 46
----> tree 47
----> tree 48
----> tree 49
----> tree 50
----> tree 51
----> tree 52
----> tree 53
----> tree 54
----> tree 55
----> tree 56
----> tree 57
----> tree 58
----> tree 59
----> tree 60
----> tree 61
----> tree 62
----> tree 63
----> tree 64
----> tree 65
----> tree 66
----> tree 67
----> tree 68
----> tree 69
----> tree 70
----> tree 71
----> tree 72
----> tree 73
----> tree 74
----> tree 75
----> tree 76
----> tree 77
----> tree 78
----> tree 79
----> tree 80
----> tree 81
----> tree 82
----> tree 83
----> tree 84
----> tree 85
----> tree 86
----> tree 87
----> tree 88
----> tree 89
----> tree 90
----> tree 91
----> tree 92
----> tree 93
----> tree 94
----> tree 95
----> tree 96
----> tree 97
----> tree 98
----> tree 99
--> 23
----> tree 0
----> tree 1
----> tree 2
----> tree 3
----> tree 4
----> tree 5
----> tree 6
----> tree 7
----> tree 8
----> tree 9
----> tree 10
----> tree 11
----> tree 12
----> tree 13
----> tree 14
----> tree 15
----> tree 16
----> tree 17
----> tree 18
----> tree 19
----> tree 20
----> tree 21
----> tree 22
----> tree 23
----> tree 24
----> tree 25
----> tree 26
----> tree 27
----> tree 28
----> tree 29
----> tree 30
----> tree 31
----> tree 32
----> tree 33
----> tree 34
----> tree 35
----> tree 36
----> tree 37
----> tree 38
----> tree 39
----> tree 40
----> tree 41
----> tree 42
----> tree 43
----> tree 44
----> tree 45
----> tree 46
----> tree 47
----> tree 48
----> tree 49
----> tree 50
----> tree 51
----> tree 52
----> tree 53
----> tree 54
----> tree 55
----> tree 56
----> tree 57
----> tree 58
----> tree 59
----> tree 60
----> tree 61
----> tree 62
----> tree 63
----> tree 64
----> tree 65
----> tree 66
----> tree 67
----> tree 68
----> tree 69
----> tree 70
----> tree 71
----> tree 72
----> tree 73
----> tree 74
----> tree 75
----> tree 76
----> tree 77
----> tree 78
----> tree 79
----> tree 80
----> tree 81
----> tree 82
----> tree 83
----> tree 84
----> tree 85
----> tree 86
----> tree 87
----> tree 88
----> tree 89
----> tree 90
----> tree 91
----> tree 92
----> tree 93
----> tree 94
----> tree 95
----> tree 96
----> tree 97
----> tree 98
----> tree 99
--> 24
----> tree 0
----> tree 1
----> tree 2
----> tree 3
----> tree 4
----> tree 5
----> tree 6
----> tree 7
----> tree 8
----> tree 9
----> tree 10
----> tree 11
----> tree 12
----> tree 13
----> tree 14
----> tree 15
----> tree 16
----> tree 17
----> tree 18
----> tree 19
----> tree 20
----> tree 21
----> tree 22
----> tree 23
----> tree 24
----> tree 25
----> tree 26
----> tree 27
----> tree 28
----> tree 29
----> tree 30
----> tree 31
----> tree 32
----> tree 33
----> tree 34
----> tree 35
----> tree 36
----> tree 37
----> tree 38
----> tree 39
----> tree 40
----> tree 41
----> tree 42
----> tree 43
----> tree 44
----> tree 45
----> tree 46
----> tree 47
----> tree 48
----> tree 49
----> tree 50
----> tree 51
----> tree 52
----> tree 53
----> tree 54
----> tree 55
----> tree 56
----> tree 57
----> tree 58
----> tree 59
----> tree 60
----> tree 61
----> tree 62
----> tree 63
----> tree 64
----> tree 65
----> tree 66
----> tree 67
----> tree 68
----> tree 69
----> tree 70
----> tree 71
----> tree 72
----> tree 73
----> tree 74
----> tree 75
----> tree 76
----> tree 77
----> tree 78
----> tree 79
----> tree 80
----> tree 81
----> tree 82
----> tree 83
----> tree 84
----> tree 85
----> tree 86
----> tree 87
----> tree 88
----> tree 89
----> tree 90
----> tree 91
----> tree 92
----> tree 93
----> tree 94
----> tree 95
----> tree 96
----> tree 97
----> tree 98
----> tree 99
--> 25
----> tree 0
----> tree 1
----> tree 2
----> tree 3
----> tree 4
----> tree 5
----> tree 6
----> tree 7
----> tree 8
----> tree 9
----> tree 10
----> tree 11
----> tree 12
----> tree 13
----> tree 14
----> tree 15
----> tree 16
----> tree 17
----> tree 18
----> tree 19
----> tree 20
----> tree 21
----> tree 22
----> tree 23
----> tree 24
----> tree 25
----> tree 26
----> tree 27
----> tree 28
----> tree 29
----> tree 30
----> tree 31
----> tree 32
----> tree 33
----> tree 34
----> tree 35
----> tree 36
----> tree 37
----> tree 38
----> tree 39
----> tree 40
----> tree 41
----> tree 42
----> tree 43
----> tree 44
----> tree 45
----> tree 46
----> tree 47
----> tree 48
----> tree 49
----> tree 50
----> tree 51
----> tree 52
----> tree 53
----> tree 54
----> tree 55
----> tree 56
----> tree 57
----> tree 58
----> tree 59
----> tree 60
----> tree 61
----> tree 62
----> tree 63
----> tree 64
----> tree 65
----> tree 66
----> tree 67
----> tree 68
----> tree 69
----> tree 70
----> tree 71
----> tree 72
----> tree 73
----> tree 74
----> tree 75
----> tree 76
----> tree 77
----> tree 78
----> tree 79
----> tree 80
----> tree 81
----> tree 82
----> tree 83
----> tree 84
----> tree 85
----> tree 86
----> tree 87
----> tree 88
----> tree 89
----> tree 90
----> tree 91
----> tree 92
----> tree 93
----> tree 94
----> tree 95
----> tree 96
----> tree 97
----> tree 98
----> tree 99
--> 26
----> tree 0
----> tree 1
----> tree 2
----> tree 3
----> tree 4
----> tree 5
----> tree 6
----> tree 7
----> tree 8
----> tree 9
----> tree 10
----> tree 11
----> tree 12
----> tree 13
----> tree 14
----> tree 15
----> tree 16
----> tree 17
----> tree 18
----> tree 19
----> tree 20
----> tree 21
----> tree 22
----> tree 23
----> tree 24
----> tree 25
----> tree 26
----> tree 27
----> tree 28
----> tree 29
----> tree 30
----> tree 31
----> tree 32
----> tree 33
----> tree 34
----> tree 35
----> tree 36
----> tree 37
----> tree 38
----> tree 39
----> tree 40
----> tree 41
----> tree 42
----> tree 43
----> tree 44
----> tree 45
----> tree 46
----> tree 47
----> tree 48
----> tree 49
----> tree 50
----> tree 51
----> tree 52
----> tree 53
----> tree 54
----> tree 55
----> tree 56
----> tree 57
----> tree 58
----> tree 59
----> tree 60
----> tree 61
----> tree 62
----> tree 63
----> tree 64
----> tree 65
----> tree 66
----> tree 67
----> tree 68
----> tree 69
----> tree 70
----> tree 71
----> tree 72
----> tree 73
----> tree 74
----> tree 75
----> tree 76
----> tree 77
----> tree 78
----> tree 79
----> tree 80
----> tree 81
----> tree 82
----> tree 83
----> tree 84
----> tree 85
----> tree 86
----> tree 87
----> tree 88
----> tree 89
----> tree 90
----> tree 91
----> tree 92
----> tree 93
----> tree 94
----> tree 95
----> tree 96
----> tree 97
----> tree 98
----> tree 99
--> 27
----> tree 0
----> tree 1
----> tree 2
----> tree 3
----> tree 4
----> tree 5
----> tree 6
----> tree 7
----> tree 8
----> tree 9
----> tree 10
----> tree 11
----> tree 12
----> tree 13
----> tree 14
----> tree 15
----> tree 16
----> tree 17
----> tree 18
----> tree 19
----> tree 20
----> tree 21
----> tree 22
----> tree 23
----> tree 24
----> tree 25
----> tree 26
----> tree 27
----> tree 28
----> tree 29
----> tree 30
----> tree 31
----> tree 32
----> tree 33
----> tree 34
----> tree 35
----> tree 36
----> tree 37
----> tree 38
----> tree 39
----> tree 40
----> tree 41
----> tree 42
----> tree 43
----> tree 44
----> tree 45
----> tree 46
----> tree 47
----> tree 48
----> tree 49
----> tree 50
----> tree 51
----> tree 52
----> tree 53
----> tree 54
----> tree 55
----> tree 56
----> tree 57
----> tree 58
----> tree 59
----> tree 60
----> tree 61
----> tree 62
----> tree 63
----> tree 64
----> tree 65
----> tree 66
----> tree 67
----> tree 68
----> tree 69
----> tree 70
----> tree 71
----> tree 72
----> tree 73
----> tree 74
----> tree 75
----> tree 76
----> tree 77
----> tree 78
----> tree 79
----> tree 80
----> tree 81
----> tree 82
----> tree 83
----> tree 84
----> tree 85
----> tree 86
----> tree 87
----> tree 88
----> tree 89
----> tree 90
----> tree 91
----> tree 92
----> tree 93
----> tree 94
----> tree 95
----> tree 96
----> tree 97
----> tree 98
----> tree 99
--> 28
----> tree 0
----> tree 1
----> tree 2
----> tree 3
----> tree 4
----> tree 5
----> tree 6
----> tree 7
----> tree 8
----> tree 9
----> tree 10
----> tree 11
----> tree 12
----> tree 13
----> tree 14
----> tree 15
----> tree 16
----> tree 17
----> tree 18
----> tree 19
----> tree 20
----> tree 21
----> tree 22
----> tree 23
----> tree 24
----> tree 25
----> tree 26
----> tree 27
----> tree 28
----> tree 29
----> tree 30
----> tree 31
----> tree 32
----> tree 33
----> tree 34
----> tree 35
----> tree 36
----> tree 37
----> tree 38
----> tree 39
----> tree 40
----> tree 41
----> tree 42
----> tree 43
----> tree 44
----> tree 45
----> tree 46
----> tree 47
----> tree 48
----> tree 49
----> tree 50
----> tree 51
----> tree 52
----> tree 53
----> tree 54
----> tree 55
----> tree 56
----> tree 57
----> tree 58
----> tree 59
----> tree 60
----> tree 61
----> tree 62
----> tree 63
----> tree 64
----> tree 65
----> tree 66
----> tree 67
----> tree 68
----> tree 69
----> tree 70
----> tree 71
----> tree 72
----> tree 73
----> tree 74
----> tree 75
----> tree 76
----> tree 77
----> tree 78
----> tree 79
----> tree 80
----> tree 81
----> tree 82
----> tree 83
----> tree 84
----> tree 85
----> tree 86
----> tree 87
----> tree 88
----> tree 89
----> tree 90
----> tree 91
----> tree 92
----> tree 93
----> tree 94
----> tree 95
----> tree 96
----> tree 97
----> tree 98
----> tree 99
--> 29
----> tree 0
----> tree 1
----> tree 2
----> tree 3
----> tree 4
----> tree 5
----> tree 6
----> tree 7
----> tree 8
----> tree 9
----> tree 10
----> tree 11
----> tree 12
----> tree 13
----> tree 14
----> tree 15
----> tree 16
----> tree 17
----> tree 18
----> tree 19
----> tree 20
----> tree 21
----> tree 22
----> tree 23
----> tree 24
----> tree 25
----> tree 26
----> tree 27
----> tree 28
----> tree 29
----> tree 30
----> tree 31
----> tree 32
----> tree 33
----> tree 34
----> tree 35
----> tree 36
----> tree 37
----> tree 38
----> tree 39
----> tree 40
----> tree 41
----> tree 42
----> tree 43
----> tree 44
----> tree 45
----> tree 46
----> tree 47
----> tree 48
----> tree 49
----> tree 50
----> tree 51
----> tree 52
----> tree 53
----> tree 54
----> tree 55
----> tree 56
----> tree 57
----> tree 58
----> tree 59
----> tree 60
----> tree 61
----> tree 62
----> tree 63
----> tree 64
----> tree 65
----> tree 66
----> tree 67
----> tree 68
----> tree 69
----> tree 70
----> tree 71
----> tree 72
----> tree 73
----> tree 74
----> tree 75
----> tree 76
----> tree 77
----> tree 78
----> tree 79
----> tree 80
----> tree 81
----> tree 82
----> tree 83
----> tree 84
----> tree 85
----> tree 86
----> tree 87
----> tree 88
----> tree 89
----> tree 90
----> tree 91
----> tree 92
----> tree 93
----> tree 94
----> tree 95
----> tree 96
----> tree 97
----> tree 98
----> tree 99
--> 30
----> tree 0
----> tree 1
----> tree 2
----> tree 3
----> tree 4
----> tree 5
----> tree 6
----> tree 7
----> tree 8
----> tree 9
----> tree 10
----> tree 11
----> tree 12
----> tree 13
----> tree 14
----> tree 15
----> tree 16
----> tree 17
----> tree 18
----> tree 19
----> tree 20
----> tree 21
----> tree 22
----> tree 23
----> tree 24
----> tree 25
----> tree 26
----> tree 27
----> tree 28
----> tree 29
----> tree 30
----> tree 31
----> tree 32
----> tree 33
----> tree 34
----> tree 35
----> tree 36
----> tree 37
----> tree 38
----> tree 39
----> tree 40
----> tree 41
----> tree 42
----> tree 43
----> tree 44
----> tree 45
----> tree 46
----> tree 47
----> tree 48
----> tree 49
----> tree 50
----> tree 51
----> tree 52
----> tree 53
----> tree 54
----> tree 55
----> tree 56
----> tree 57
----> tree 58
----> tree 59
----> tree 60
----> tree 61
----> tree 62
----> tree 63
----> tree 64
----> tree 65
----> tree 66
----> tree 67
----> tree 68
----> tree 69
----> tree 70
----> tree 71
----> tree 72
----> tree 73
----> tree 74
----> tree 75
----> tree 76
----> tree 77
----> tree 78
----> tree 79
----> tree 80
----> tree 81
----> tree 82
----> tree 83
----> tree 84
----> tree 85
----> tree 86
----> tree 87
----> tree 88
----> tree 89
----> tree 90
----> tree 91
----> tree 92
----> tree 93
----> tree 94
----> tree 95
----> tree 96
----> tree 97
----> tree 98
----> tree 99
--> 31
----> tree 0
----> tree 1
----> tree 2
----> tree 3
----> tree 4
----> tree 5
----> tree 6
----> tree 7
----> tree 8
----> tree 9
----> tree 10
----> tree 11
----> tree 12
----> tree 13
----> tree 14
----> tree 15
----> tree 16
----> tree 17
----> tree 18
----> tree 19
----> tree 20
----> tree 21
----> tree 22
----> tree 23
----> tree 24
----> tree 25
----> tree 26
----> tree 27
----> tree 28
----> tree 29
----> tree 30
----> tree 31
----> tree 32
----> tree 33
----> tree 34
----> tree 35
----> tree 36
----> tree 37
----> tree 38
----> tree 39
----> tree 40
----> tree 41
----> tree 42
----> tree 43
----> tree 44
----> tree 45
----> tree 46
----> tree 47
----> tree 48
----> tree 49
----> tree 50
----> tree 51
----> tree 52
----> tree 53
----> tree 54
----> tree 55
----> tree 56
----> tree 57
----> tree 58
----> tree 59
----> tree 60
----> tree 61
----> tree 62
----> tree 63
----> tree 64
----> tree 65
----> tree 66
----> tree 67
----> tree 68
----> tree 69
----> tree 70
----> tree 71
----> tree 72
----> tree 73
----> tree 74
----> tree 75
----> tree 76
----> tree 77
----> tree 78
----> tree 79
----> tree 80
----> tree 81
----> tree 82
----> tree 83
----> tree 84
----> tree 85
----> tree 86
----> tree 87
----> tree 88
----> tree 89
----> tree 90
----> tree 91
----> tree 92
----> tree 93
----> tree 94
----> tree 95
----> tree 96
----> tree 97
----> tree 98
----> tree 99
--> 32
----> tree 0
----> tree 1
----> tree 2
----> tree 3
----> tree 4
----> tree 5
----> tree 6
----> tree 7
----> tree 8
----> tree 9
----> tree 10
----> tree 11
----> tree 12
----> tree 13
----> tree 14
----> tree 15
----> tree 16
----> tree 17
----> tree 18
----> tree 19
----> tree 20
----> tree 21
---